Arguments: 
  C:\Program Files\nodejs\node.exe C:\Users\Mido\AppData\Roaming\npm\node_modules\yarn\bin\yarn.js start

PATH: 
  C:\Users\Mido\bin;C:\Program Files\Git\mingw64\bin;C:\Program Files\Git\usr\local\bin;C:\Program Files\Git\usr\bin;C:\Program Files\Git\usr\bin;C:\Program Files\Git\mingw64\bin;C:\Program Files\Git\usr\bin;C:\Users\Mido\bin;C:\Windows\system32;C:\Windows;C:\Windows\System32\Wbem;C:\Windows\System32\WindowsPowerShell\v1.0;C:\Windows\System32\OpenSSH;C:\Program Files (x86)\NVIDIA Corporation\PhysX\Common;C:\Program Files\NVIDIA Corporation\NVIDIA NvDLISR;C:\Program Files\Git\cmd;C:\Program Files\nodejs;%SystemRoot%\system32;%SystemRoot%;%SystemRoot%\System32\Wbem;%SYSTEMROOT%\System32\WindowsPowerShell\v1.0;%SYSTEMROOT%\System32\OpenSSH;C:\Users\Mido\AppData\Local\Microsoft\WindowsApps;C:\Users\Mido\AppData\Local\Programs\Microsoft VS Code\bin;C:\Users\Mido\AppData\Roaming\npm;C:\Users\Mido\AppData\Local\JetBrains\Toolbox\scripts;C:\Program Files\Git\usr\bin\vendor_perl;C:\Program Files\Git\usr\bin\core_perl

Yarn version: 
  1.22.19

Node version: 
  16.17.0

Platform: 
  win32 x64

Trace: 
  SyntaxError: C:\Users\Mido\Desktop\package.json: Unexpected token / in JSON at position 1152
      at JSON.parse (<anonymous>)
      at C:\Users\Mido\AppData\Roaming\npm\node_modules\yarn\lib\cli.js:1629:59
      at Generator.next (<anonymous>)
      at step (C:\Users\Mido\AppData\Roaming\npm\node_modules\yarn\lib\cli.js:310:30)
      at C:\Users\Mido\AppData\Roaming\npm\node_modules\yarn\lib\cli.js:321:13

npm manifest: 
  {
    "name": "bookhunter",
    "version": "1.0.0",
    "main": "node_modules/expo/AppEntry.js",
    "scripts": {
      "start": "expo start",
      "android": "expo start --android",
      "ios": "expo start --ios",
      "web": "expo start --web"
    },
    "dependencies": {
      "jsc-android": "^241213.1.0",
      "@react-native-async-storage/async-storage": "~1.17.3",
      "@react-navigation/drawer": "^6.5.0",
      "@react-navigation/native": "^6.0.13",
      "@react-navigation/native-stack": "^6.9.0",
      "@react-navigation/stack": "^6.3.2",
      "@reduxjs/toolkit": "^1.8.5",
      "@tailwindcss/line-clamp": "^0.4.2",
      "@types/react-redux": "^7.1.24",
      "axios": "^1.1.3",
      "expo": "~46.0.13",
      "expo-barcode-scanner": "~11.4.0",
      "expo-build-properties": "~0.3.0",
      "expo-status-bar": "~1.4.0",
      "expo-updates": "~0.14.7",
      "intl": "^1.2.5",
      "lodash": "^4.17.21",
      "nativewind": "^2.0.11",
      "react": "18.0.0",
      "react-devtools-core": "^4.26.1",
      "react-native": "0.69.6",
      "react-native-dropdown-picker": "^5.4.2",
      "react-native-element-dropdown": "^2.3.0",
      "react-native-gesture-handler": "~2.5.0",
      "react-native-get-random-values": "^1.8.0",
      "react-native-paper": "5.0.0-rc.6",
      "react-native-reanimated": "~2.9.1",
      "react-native-root-toast": "^3.4.0",
      "react-native-safe-area-context": "4.3.1",
      "react-native-screens": "~3.15.0",
      "react-native-svg": "12.3.0",
      "react-native-vector-icons": "^9.2.0",
      "react-redux": "^8.0.4",
      "uuid": "^9.0.0"
    },
    "devDependencies": {
      "@babel/core": "^7.12.9",
      "tailwindcss": "^3.1.8"
    },
    "private": true
  }

yarn manifest: 
  No manifest

Lockfile: 
  No lockfile
